#
# There is insufficient memory for the Java Runtime Environment to continue.
# Native memory allocation (mmap) failed to map 1073741824 bytes for G1 virtual space
# Possible reasons:
#   The system is out of physical RAM or swap space
#   The process is running with CompressedOops enabled, and the Java Heap may be blocking the growth of the native heap
# Possible solutions:
#   Reduce memory load on the system
#   Increase physical memory or swap space
#   Check if swap backing store is full
#   Decrease Java heap size (-Xmx/-Xms)
#   Decrease number of Java threads
#   Decrease Java thread stack sizes (-Xss)
#   Set larger code cache with -XX:ReservedCodeCacheSize=
#   JVM is running with Zero Based Compressed Oops mode in which the Java heap is
#     placed in the first 32GB address space. The Java Heap base address is the
#     maximum limit for the native heap growth. Please use -XX:HeapBaseMinAddress
#     to set the Java Heap base and to place the Java Heap above 32GB virtual address.
# This output file may be truncated or incomplete.
#
#  Out of Memory Error (os_windows.cpp:3552), pid=680136, tid=690968
#
# JRE version:  (17.0.9+11) (build )
# Java VM: Java HotSpot(TM) 64-Bit Server VM (17.0.9+11-LTS-201, mixed mode, sharing, tiered, compressed oops, compressed class ptrs, g1 gc, windows-amd64)
# No core dump will be written. Minidumps are not enabled by default on client versions of Windows
#

---------------  S U M M A R Y ------------

Command Line: -agentlib:jdwp=transport=dt_socket,address=127.0.0.1:21641,suspend=y,server=n -javaagent:C:\Users\wnmsr\AppData\Local\JetBrains\IdeaIC2024.3\captureAgent\debugger-agent.jar -Dkotlinx.coroutines.debug.enable.creation.stack.trace=false -Ddebugger.agent.enable.coroutines=true -Dkotlinx.coroutines.debug.enable.flows.stack.trace=true -Dkotlinx.coroutines.debug.enable.mutable.state.flows.stack.trace=true -Dfile.encoding=UTF-8 sr3u.showvisitskeeper.ShowvisitskeeperApplication

Host: AMD Ryzen 7 3800X 8-Core Processor             , 16 cores, 63G,  Windows 11 , 64 bit Build 26100 (10.0.26100.7309)
Time: Tue Jan 13 18:42:31 2026 RTZ 2 (s 11 , 64 bit Build 26100 (10.0.26100.7309) elapsed time: 1.151840 seconds (0d 0h 0m 1s)

---------------  T H R E A D  ---------------

Current thread (0x00000278631b1960):  JavaThread "Unknown thread" [_thread_in_vm, id=690968, stack(0x0000009d8e300000,0x0000009d8e400000)]

Stack: [0x0000009d8e300000,0x0000009d8e400000]
Native frames: (J=compiled Java code, j=interpreted, Vv=VM code, C=native code)
V  [jvm.dll+0x678a4a]
V  [jvm.dll+0x7d9cfd]
V  [jvm.dll+0x7db60e]
V  [jvm.dll+0x7dbc73]
V  [jvm.dll+0x245e1f]
V  [jvm.dll+0x6758f9]
V  [jvm.dll+0x66a2a2]
V  [jvm.dll+0x303686]
V  [jvm.dll+0x30ac06]
V  [jvm.dll+0x35a48e]
V  [jvm.dll+0x35a6bf]
V  [jvm.dll+0x2da678]
V  [jvm.dll+0x2db5e4]
V  [jvm.dll+0x7ab6b1]
V  [jvm.dll+0x368041]
V  [jvm.dll+0x78a749]
V  [jvm.dll+0x3ebd4f]
V  [jvm.dll+0x3ed7d1]
C  [jli.dll+0x5297]
C  [ucrtbase.dll+0x37b0]
C  [KERNEL32.DLL+0x2e8d7]
C  [ntdll.dll+0x8c53c]


---------------  P R O C E S S  ---------------

Threads class SMR info:
_java_thread_list=0x00007ffaf43e89d8, length=0, elements={
}

Java Threads: ( => current thread )

Other Threads:
  0x0000027863263b00 GCTaskThread "GC Thread#0" [stack: 0x0000009d8e400000,0x0000009d8e500000] [id=660200]
  0x000002786326ca00 ConcurrentGCThread "G1 Main Marker" [stack: 0x0000009d8e500000,0x0000009d8e600000] [id=645224]
  0x000002787e399f90 ConcurrentGCThread "G1 Conc#0" [stack: 0x0000009d8e600000,0x0000009d8e700000] [id=650740]

[error occurred during error reporting (printing all threads), id 0xc0000005, EXCEPTION_ACCESS_VIOLATION (0xc0000005) at pc=0x00007ffaf3c1b2d7]

VM state: not at safepoint (not fully initialized)

VM Mutex/Monitor currently owned by a thread:  ([mutex/lock_event])
[0x00000278631adbe0] Heap_lock - owner thread: 0x00000278631b1960

Heap address: 0x0000000401800000, size: 16360 MB, Compressed Oops mode: Zero based, Oop shift amount: 3

CDS archive(s) mapped at: [0x0000000000000000-0x0000000000000000-0x0000000000000000), size 0, SharedBaseAddress: 0x0000000800000000, ArchiveRelocationMode: 1.
Narrow klass base: 0x0000000000000000, Narrow klass shift: 0, Narrow klass range: 0x0

GC Precious Log:
<Empty>

Heap:
 garbage-first heap   total 0K, used 0K [0x0000000401800000, 0x0000000800000000)
  region size 8192K, 0 young (0K), 0 survivors (0K)

[error occurred during error reporting (printing heap information), id 0xc0000005, EXCEPTION_ACCESS_VIOLATION (0xc0000005) at pc=0x00007ffaf4002229]

GC Heap History (0 events):
No events

Deoptimization events (0 events):
No events

Classes unloaded (0 events):
No events

Classes redefined (0 events):
No events

Internal exceptions (0 events):
No events

VM Operations (0 events):
No events

Events (2 events):
Event: 0.016 Loaded shared library C:\Program Files\Java\jdk-17\bin\java.dll
Event: 0.018 Loaded shared library C:\Program Files\Java\jdk-17\bin\zip.dll


Dynamic libraries:
0x00007ff6f3b60000 - 0x00007ff6f3b70000 	C:\Program Files\Java\jdk-17\bin\java.exe
0x00007ffbe4900000 - 0x00007ffbe4b67000 	C:\WINDOWS\SYSTEM32\ntdll.dll
0x00007ffbe2aa0000 - 0x00007ffbe2b69000 	C:\WINDOWS\System32\KERNEL32.DLL
0x00007ffbe2120000 - 0x00007ffbe250f000 	C:\WINDOWS\System32\KERNELBASE.dll
0x00007ffbe1f20000 - 0x00007ffbe206b000 	C:\WINDOWS\System32\ucrtbase.dll
0x00007ffbccee0000 - 0x00007ffbccefb000 	C:\Program Files\Java\jdk-17\bin\VCRUNTIME140.dll
0x00007ffbdc650000 - 0x00007ffbdc669000 	C:\Program Files\Java\jdk-17\bin\jli.dll
0x00007ffbe39b0000 - 0x00007ffbe3a64000 	C:\WINDOWS\System32\ADVAPI32.dll
0x00007ffbe3880000 - 0x00007ffbe3929000 	C:\WINDOWS\System32\msvcrt.dll
0x00007ffbe4190000 - 0x00007ffbe4236000 	C:\WINDOWS\System32\sechost.dll
0x00007ffbe3760000 - 0x00007ffbe3878000 	C:\WINDOWS\System32\RPCRT4.dll
0x00007ffbe2770000 - 0x00007ffbe2935000 	C:\WINDOWS\System32\USER32.dll
0x00007ffbe2670000 - 0x00007ffbe2697000 	C:\WINDOWS\System32\win32u.dll
0x00007ffbe3df0000 - 0x00007ffbe3e1b000 	C:\WINDOWS\System32\GDI32.dll
0x00007ffbc6010000 - 0x00007ffbc62a3000 	C:\WINDOWS\WinSxS\amd64_microsoft.windows.common-controls_6595b64144ccf1df_6.0.26100.7309_none_3e05feeae336a044\COMCTL32.dll
0x00007ffbe1df0000 - 0x00007ffbe1f1c000 	C:\WINDOWS\System32\gdi32full.dll
0x00007ffbe1d40000 - 0x00007ffbe1de3000 	C:\WINDOWS\System32\msvcp_win.dll
0x00007ffbdab60000 - 0x00007ffbdab6b000 	C:\WINDOWS\SYSTEM32\VERSION.dll
0x00007ffbe4240000 - 0x00007ffbe4271000 	C:\WINDOWS\System32\IMM32.DLL
0x00007ffbdc630000 - 0x00007ffbdc63c000 	C:\Program Files\Java\jdk-17\bin\vcruntime140_1.dll
0x00007ffba2e90000 - 0x00007ffba2f1e000 	C:\Program Files\Java\jdk-17\bin\msvcp140.dll
0x00007ffaf3930000 - 0x00007ffaf4511000 	C:\Program Files\Java\jdk-17\bin\server\jvm.dll
0x00007ffbe3750000 - 0x00007ffbe3758000 	C:\WINDOWS\System32\PSAPI.DLL
0x00007ffbbca70000 - 0x00007ffbbca7a000 	C:\WINDOWS\SYSTEM32\WSOCK32.dll
0x00007ffbd3d30000 - 0x00007ffbd3d65000 	C:\WINDOWS\SYSTEM32\WINMM.dll
0x00007ffbe3930000 - 0x00007ffbe39a4000 	C:\WINDOWS\System32\WS2_32.dll
0x00007ffbe07c0000 - 0x00007ffbe07db000 	C:\WINDOWS\SYSTEM32\kernel.appcore.dll
0x00007ffbcced0000 - 0x00007ffbcceda000 	C:\Program Files\Java\jdk-17\bin\jimage.dll
0x00007ffbdf3a0000 - 0x00007ffbdf5e2000 	C:\WINDOWS\SYSTEM32\DBGHELP.DLL
0x00007ffbe2bf0000 - 0x00007ffbe2f75000 	C:\WINDOWS\System32\combase.dll
0x00007ffbe3a70000 - 0x00007ffbe3b46000 	C:\WINDOWS\System32\OLEAUT32.dll
0x00007ffbc9650000 - 0x00007ffbc968c000 	C:\WINDOWS\SYSTEM32\dbgcore.DLL
0x00007ffbe2070000 - 0x00007ffbe2115000 	C:\WINDOWS\System32\bcryptPrimitives.dll
0x00007ffbccc50000 - 0x00007ffbccc8b000 	C:\Program Files\Java\jdk-17\bin\jdwp.dll
0x00007ffbcce90000 - 0x00007ffbcce9e000 	C:\Program Files\Java\jdk-17\bin\instrument.dll
0x00007ffbccea0000 - 0x00007ffbccec5000 	C:\Program Files\Java\jdk-17\bin\java.dll
0x00007ffbccbf0000 - 0x00007ffbccc08000 	C:\Program Files\Java\jdk-17\bin\zip.dll

dbghelp: loaded successfully - version: 4.0.5 - missing functions: none
symbol engine: initialized successfully - sym options: 0x614 - pdb path: .;C:\Program Files\Java\jdk-17\bin;C:\WINDOWS\SYSTEM32;C:\WINDOWS\WinSxS\amd64_microsoft.windows.common-controls_6595b64144ccf1df_6.0.26100.7309_none_3e05feeae336a044;C:\Program Files\Java\jdk-17\bin\server

VM Arguments:
jvm_args: -agentlib:jdwp=transport=dt_socket,address=127.0.0.1:21641,suspend=y,server=n -javaagent:C:\Users\wnmsr\AppData\Local\JetBrains\IdeaIC2024.3\captureAgent\debugger-agent.jar -Dkotlinx.coroutines.debug.enable.creation.stack.trace=false -Ddebugger.agent.enable.coroutines=true -Dkotlinx.coroutines.debug.enable.flows.stack.trace=true -Dkotlinx.coroutines.debug.enable.mutable.state.flows.stack.trace=true -Dfile.encoding=UTF-8 
java_command: sr3u.showvisitskeeper.ShowvisitskeeperApplication
java_class_path (initial): C:\Users\wnmsr\IdeaProjects\showvisitskeeper\target\classes;C:\Users\wnmsr\.m2\repository\org\springframework\boot\spring-boot-starter-thymeleaf\2.7.4\spring-boot-starter-thymeleaf-2.7.4.jar;C:\Users\wnmsr\.m2\repository\org\springframework\boot\spring-boot-starter\2.7.4\spring-boot-starter-2.7.4.jar;C:\Users\wnmsr\.m2\repository\org\springframework\boot\spring-boot\2.7.4\spring-boot-2.7.4.jar;C:\Users\wnmsr\.m2\repository\org\springframework\boot\spring-boot-autoconfigure\2.7.4\spring-boot-autoconfigure-2.7.4.jar;C:\Users\wnmsr\.m2\repository\org\springframework\boot\spring-boot-starter-logging\2.7.4\spring-boot-starter-logging-2.7.4.jar;C:\Users\wnmsr\.m2\repository\ch\qos\logback\logback-classic\1.2.11\logback-classic-1.2.11.jar;C:\Users\wnmsr\.m2\repository\ch\qos\logback\logback-core\1.2.11\logback-core-1.2.11.jar;C:\Users\wnmsr\.m2\repository\org\apache\logging\log4j\log4j-to-slf4j\2.17.2\log4j-to-slf4j-2.17.2.jar;C:\Users\wnmsr\.m2\repository\org\slf4j\jul-to-slf4j\1.7.36\jul-to-slf4j-1.7.36.jar;C:\Users\wnmsr\.m2\repository\jakarta\annotation\jakarta.annotation-api\1.3.5\jakarta.annotation-api-1.3.5.jar;C:\Users\wnmsr\.m2\repository\org\yaml\snakeyaml\1.30\snakeyaml-1.30.jar;C:\Users\wnmsr\.m2\repository\org\thymeleaf\thymeleaf-spring5\3.0.15.RELEASE\thymeleaf-spring5-3.0.15.RELEASE.jar;C:\Users\wnmsr\.m2\repository\org\thymeleaf\thymeleaf\3.0.15.RELEASE\thymeleaf-3.0.15.RELEASE.jar;C:\Users\wnmsr\.m2\repository\org\attoparser\attoparser\2.0.5.RELEASE\attoparser-2.0.5.RELEASE.jar;C:\Users\wnmsr\.m2\repository\org\unbescape\unbescape\1.1.6.RELEASE\unbescape-1.1.6.RELEASE.jar;C:\Users\wnmsr\.m2\repository\org\slf4j\slf4j-api\1.7.36\slf4j-api-1.7.36.jar;C:\Users\wnmsr\.m2\repository\org\thymeleaf\extras\thymeleaf-extras-java8time\3.0.4.RELEASE\thymeleaf-extras-java8time-3.0.4.RELEASE.jar;C:\Users\wnmsr\.m2\repository\org\springframework\boot\spring-boot-starter-data-jpa\2.7.4\spring-boot-starter-data-jpa-2.7.4.jar;C:\Users\wnmsr\.m2
Launcher Type: SUN_STANDARD

[Global flags]
     intx CICompilerCount                          = 12                                        {product} {ergonomic}
     uint ConcGCThreads                            = 3                                         {product} {ergonomic}
     uint G1ConcRefinementThreads                  = 13                                        {product} {ergonomic}
   size_t G1HeapRegionSize                         = 8388608                                   {product} {ergonomic}
    uintx GCDrainStackTargetSize                   = 64                                        {product} {ergonomic}
   size_t InitialHeapSize                          = 1073741824                                {product} {ergonomic}
   size_t MarkStackSize                            = 4194304                                   {product} {ergonomic}
   size_t MaxHeapSize                              = 17154703360                               {product} {ergonomic}
   size_t MinHeapDeltaBytes                        = 8388608                                   {product} {ergonomic}
   size_t MinHeapSize                              = 8388608                                   {product} {ergonomic}
    uintx NonNMethodCodeHeapSize                   = 7602480                                {pd product} {ergonomic}
    uintx NonProfiledCodeHeapSize                  = 122027880                              {pd product} {ergonomic}
    uintx ProfiledCodeHeapSize                     = 122027880                              {pd product} {ergonomic}
    uintx ReservedCodeCacheSize                    = 251658240                              {pd product} {ergonomic}
     bool SegmentedCodeCache                       = true                                      {product} {ergonomic}
   size_t SoftMaxHeapSize                          = 17154703360                            {manageable} {ergonomic}
     bool UseCompressedClassPointers               = true                           {product lp64_product} {ergonomic}
     bool UseCompressedOops                        = true                           {product lp64_product} {ergonomic}
     bool UseG1GC                                  = true                                      {product} {ergonomic}
     bool UseLargePagesIndividualAllocation        = false                                  {pd product} {ergonomic}

Logging:
Log output configuration:
 #0: stdout all=warning uptime,level,tags
 #1: stderr all=off uptime,level,tags

Environment Variables:
PATH=C:\Program Files\VanDyke Software\Clients\;C:\Python312\Scripts\;C:\Python312\;C:\Python310\Scripts\;C:\Python310\;C:\Program Files\NVIDIA GPU Computing Toolkit\CUDA\v11.2\bin;C:\Program Files\NVIDIA GPU Computing Toolkit\CUDA\v11.2\libnvvp;C:\Program Files\NVIDIA GPU Computing Toolkit\CUDA\v10.2\bin;C:\Program Files\NVIDIA GPU Computing Toolkit\CUDA\v10.2\libnvvp;C:\Program Files\Common Files\Oracle\Java\javapath;C:\Windows\system32;C:\Windows;C:\Windows\System32\Wbem;C:\Windows\System32\WindowsPowerShell\v1.0\;C:\Windows\System32\OpenSSH\;C:\Program Files\NVIDIA Corporation\Nsight Compute 2020.3.0\;C:\Program Files (x86)\NVIDIA Corporation\PhysX\Common;C:\Program Files\dotnet\;C:\Program Files\Google\platform-tools;C:\WINDOWS\system32;C:\WINDOWS;C:\WINDOWS\System32\Wbem;C:\WINDOWS\System32\WindowsPowerShell\v1.0\;C:\WINDOWS\System32\OpenSSH\;C:\Program Files\Microsoft VS Code\bin;C:\Program Files (x86)\AOMEI\AOMEI Backupper\6.9.2;C:\Program Files\Calibre2\;C:\ProgramData\chocolatey\bin;C:\Program Files\PuTTY\;C:\Program Files (x86)\Windows Kits\10\Windows Performance Toolkit\;C:\Program Files\nodejs\;C:\Program Files\Docker\Docker\resources\bin;C:\Program Files\NVIDIA Corporation\NVIDIA app\NvDLISR;C:\Program Files\Git\cmd;C:\Users\wnmsr\AppData\Local\Microsoft\WindowsApps;C:\Users\wnmsr\AppData\Local\GitHubDesktop\bin;C:\Users\wnmsr\.dotnet\tools;C:\Program Files (x86)\Nmap;;C:\Users\wnmsr\AppData\Local\JetBrains\Toolbox\scripts;C:\Users\wnmsr\AppData\Local\Microsoft\WindowsApps;C:\Program Files\Lens\resources\cli\bin;C:\Users\wnmsr\AppData\Roaming\npm
USERNAME=wnmsr
OS=Windows_NT
PROCESSOR_IDENTIFIER=AMD64 Family 23 Model 113 Stepping 0, AuthenticAMD



---------------  S Y S T E M  ---------------

OS:
 Windows 11 , 64 bit Build 26100 (10.0.26100.7309)
OS uptime: 5 days 16:29 hours
Hyper-V role detected

CPU: total 16 (initial active 16) (16 cores per cpu, 2 threads per core) family 23 model 113 stepping 0 microcode 0x8701021, cx8, cmov, fxsr, ht, mmx, 3dnowpref, sse, sse2, sse3, ssse3, sse4a, sse4.1, sse4.2, popcnt, lzcnt, tsc, tscinvbit, avx, avx2, aes, clmul, bmi1, bmi2, adx, sha, fma, vzeroupper, clflush, clflushopt, hv

Memory: 4k page, system-wide physical 65435M (30899M free)
TotalPageFile size 65435M (AvailPageFile size 434M)
current process WorkingSet (physical memory assigned to process): 13M, peak: 13M
current process commit charge ("private bytes"): 71M, peak: 1095M

vm_info: Java HotSpot(TM) 64-Bit Server VM (17.0.9+11-LTS-201) for windows-amd64 JRE (17.0.9+11-LTS-201), built on Oct 10 2023 23:16:06 by "mach5one" with MS VC++ 17.1 (VS2022)

END.
